<?xml version="1.0" encoding="UTF-8"?>
<testng-results ignored="0" total="1" passed="1" failed="0" skipped="0">
  <reporter-output>
  </reporter-output>
  <suite started-at="2024-01-21T13:14:47 IST" name="Default suite" finished-at="2024-01-21T13:15:04 IST" duration-ms="16262">
    <groups>
    </groups>
    <test started-at="2024-01-21T13:14:47 IST" name="Default test" finished-at="2024-01-21T13:15:04 IST" duration-ms="16262">
      <class name="com.testScripts.TC0003_RemoveFromCart_Test">
        <test-method is-config="true" signature="OpenBrowser()[pri:0, instance:com.testScripts.TC0003_RemoveFromCart_Test@1bb5a082]" started-at="2024-01-21T13:14:47 IST" name="OpenBrowser" finished-at="2024-01-21T13:14:54 IST" duration-ms="6755" status="PASS">
          <reporter-output>
          </reporter-output>
        </test-method> <!-- OpenBrowser -->
        <test-method is-config="true" signature="login()[pri:0, instance:com.testScripts.TC0003_RemoveFromCart_Test@1bb5a082]" started-at="2024-01-21T13:14:54 IST" name="login" finished-at="2024-01-21T13:14:56 IST" duration-ms="2115" status="PASS">
          <reporter-output>
          </reporter-output>
        </test-method> <!-- login -->
        <test-method signature="removeFromCart()[pri:0, instance:com.testScripts.TC0003_RemoveFromCart_Test@1bb5a082]" started-at="2024-01-21T13:14:56 IST" name="removeFromCart" finished-at="2024-01-21T13:15:00 IST" duration-ms="3947" status="PASS">
          <reporter-output>
          </reporter-output>
        </test-method> <!-- removeFromCart -->
        <test-method is-config="true" signature="logout()[pri:0, instance:com.testScripts.TC0003_RemoveFromCart_Test@1bb5a082]" started-at="2024-01-21T13:15:00 IST" name="logout" finished-at="2024-01-21T13:15:03 IST" duration-ms="3099" status="PASS">
          <reporter-output>
          </reporter-output>
        </test-method> <!-- logout -->
        <test-method is-config="true" signature="closeBrowser()[pri:0, instance:com.testScripts.TC0003_RemoveFromCart_Test@1bb5a082]" started-at="2024-01-21T13:15:03 IST" name="closeBrowser" finished-at="2024-01-21T13:15:04 IST" duration-ms="271" status="PASS">
          <reporter-output>
          </reporter-output>
        </test-method> <!-- closeBrowser -->
      </class> <!-- com.testScripts.TC0003_RemoveFromCart_Test -->
    </test> <!-- Default test -->
  </suite> <!-- Default suite -->
</testng-results>
